X2MX039192	SUCCESSFUL
NASY203682	SERIAL_NUMBER_NOT_ELIGIBLE
NASY202636	SERIAL_NUMBER_NOT_ELIGIBLE
R2MY047823	SERIAL_NUMBER_NOT_ELIGIBLE
S9VY075027	SUCCESSFUL
X2CT086213	ALREADY_USED
X2D2279870	SUCCESSFUL
X2EF013680	ALREADY_USED
SA9Y023688	ALREADY_USED
SA9Y023710	ALREADY_USED
UUDY011184	ALREADY_USED
S9JY100612	ALREADY_USED
S9VY079625	SUCCESSFUL
X2U2001522	ALREADY_USED
X2CT119041	ALREADY_USED
NASY205757	SERIAL_NUMBER_NOT_ELIGIBLE
X2E4038548	ALREADY_USED
X2EA081121	ALREADY_USED
X2CJ045886	ALREADY_USED
X2E4008468	ALREADY_USED
VCVY001667	ALREADY_USED
X2CT058059	ALREADY_USED
VCVY001665	ALREADY_USED
NASY204066	SERIAL_NUMBER_NOT_ELIGIBLE
X2D3006667	SERIAL_NUMBER_NOT_ELIGIBLE
R2MY048311	SERIAL_NUMBER_NOT_ELIGIBLE
X2EF011052	ALREADY_USED
X2N5123995	ALREADY_USED
X2U2000836	PRINTER_MODEL_NOT_FOUND_IN_NEON
X2CK085305	ALREADY_USED
X2EA054897	ALREADY_USED
SA9Y024381	SUCCESSFUL
X2TU002368	SUCCESSFUL
X3Y5000541	SUCCESSFUL
X2U2002997	PRINTER_MODEL_NOT_FOUND_IN_NEON
SA9Y024287	SUCCESSFUL
X2EF015260	SUCCESSFUL
X2EF015978	ALREADY_USED
VCVY001779	ALREADY_USED
X2EA043265	ALREADY_USED
R2MY050476	SERIAL_NUMBER_NOT_ELIGIBLE
X2EF015253	SUCCESSFUL
W28P175044	ALREADY_USED
W5BY014026	SUCCESSFUL
W28P154555	SUCCESSFUL
W5SY014206	ALREADY_USED
W5SY014210	SUCCESSFUL
W5LY136685	SUCCESSFUL
W5SY015265	ALREADY_USED
W5SY015268	ALREADY_USED
W5DY062916	SUCCESSFUL
W5DY063889	ALREADY_USED
W8KY030910	SERIAL_NUMBER_NOT_ELIGIBLE
W59Y008154	ALREADY_USED
X2E4033460	ALREADY_USED
W5DY063332	ALREADY_USED
X2E4033460	ALREADY_USED
W5DY063332	ALREADY_USED
WBTK066407	SERIAL_NUMBER_NOT_ELIGIBLE
W59Y028393	ALREADY_USED
UTJK043604	SERIAL_NUMBER_NOT_ELIGIBLE
X2P8009881	SERIAL_NUMBER_NOT_ELIGIBLE
X3Y5000532	SUCCESSFUL
X2MX055942	ALREADY_USED
UTJK043604	SERIAL_NUMBER_NOT_ELIGIBLE
X2P8009881	SERIAL_NUMBER_NOT_ELIGIBLE
X3Y5000532	SUCCESSFUL
X2MX055942	ALREADY_USED
UTJK043604	SERIAL_NUMBER_NOT_ELIGIBLE
X2P8009881	SERIAL_NUMBER_NOT_ELIGIBLE
X3Y5000532	SUCCESSFUL
X2MX055942	ALREADY_USED
X2P8012774	SERIAL_NUMBER_NOT_ELIGIBLE
X359114463	SUCCESSFUL
R2LY017740	SERIAL_NUMBER_NOT_ELIGIBLE
X2E4022299	SUCCESSFUL
UGZY070138	SUCCESSFUL
X2E4022299	SUCCESSFUL
UGZY070138	SUCCESSFUL
US6W012619	PRINTER_MODEL_NOT_FOUND_IN_NEON
X3YB003242	SUCCESSFUL
X2D2328203	SUCCESSFUL
X2TU000398	ALREADY_USED
X2TH009504	SUCCESSFUL
X2TU000398	ALREADY_USED
X2TH009504	SUCCESSFUL
UGSY021416	SUCCESSFUL
W59Y024235	SUCCESSFUL
UN7Y018367	SERIAL_NUMBER_NOT_ELIGIBLE
X2E4033464	SUCCESSFUL
X2N5117872	SERIAL_NUMBER_NOT_ELIGIBLE
X2U2002999	PRINTER_MODEL_NOT_FOUND_IN_NEON
S9VY087246	SUCCESSFUL
X2QC120879	SUCCESSFUL
S9VY085151	ALREADY_USED
X2QC120879	SUCCESSFUL
S9VY085151	ALREADY_USED
X2P8018469	SERIAL_NUMBER_NOT_ELIGIBLE
R2WY507395	SERIAL_NUMBER_NOT_ELIGIBLE
NASY205894	SERIAL_NUMBER_NOT_ELIGIBLE
X2N5168812	SERIAL_NUMBER_NOT_ELIGIBLE
X3YB004236	ALREADY_USED
NASY205894	SERIAL_NUMBER_NOT_ELIGIBLE
X2N5168812	SERIAL_NUMBER_NOT_ELIGIBLE
X3YB004236	ALREADY_USED
X2N5168812	SERIAL_NUMBER_NOT_ELIGIBLE
X2N5168812	SERIAL_NUMBER_NOT_ELIGIBLE
X3YB004236	ALREADY_USED
W5SY019503	SUCCESSFUL
W5SY019187	ALREADY_USED
QZMY009183	SERIAL_NUMBER_NOT_ELIGIBLE
W5DY040428	ALREADY_USED
X2MX012992	SUCCESSFUL
UGSY018777	SUCCESSFUL
W5SY010627	SUCCESSFUL
UGSY018801	SUCCESSFUL
X2EA034239	SUCCESSFUL
W5SY013649	SUCCESSFUL
S9VY068046	ALREADY_USED
X359061926	ALREADY_USED
W5DY062595	SUCCESSFUL
X2D2157138	SUCCESSFUL
X2CK026131	SUCCESSFUL
W59Y021047	SUCCESSFUL
WBTK059418	SERIAL_NUMBER_NOT_ELIGIBLE
X2CT071326	SUCCESSFUL
X2CK026124	ALREADY_USED
X2MX013695	SUCCESSFUL
X2N5089374	SERIAL_NUMBER_NOT_ELIGIBLE
R2MY044579	SERIAL_NUMBER_NOT_ELIGIBLE
UTJK042381	ALREADY_USED
UTJK042413	ALREADY_USED
X2E4008461	ALREADY_USED
UMCY306662	ALREADY_USED
SEGY243124	ALREADY_USED
UGSY018037	SUCCESSFUL
UGZY064760	SUCCESSFUL
X2E4008416	ALREADY_USED
SEGY243028	ALREADY_USED
X2EF008354	SUCCESSFUL
X2QC043982	ALREADY_USED
X2N5089322	SERIAL_NUMBER_NOT_ELIGIBLE
X2CT082607	SUCCESSFUL
S9JY087369	ALREADY_USED
W5SY013650	SUCCESSFUL
X2D2157247	ALREADY_USED
X2E5021130	ALREADY_USED
X2EF008330	SUCCESSFUL
X2E5021047	ALREADY_USED
X2D2073988	SUCCESSFUL
X2E4018696	SUCCESSFUL
X2MX012996	SUCCESSFUL
UGZY064396	SUCCESSFUL
SEGY249755	SUCCESSFUL
SD2Y031742	ALREADY_USED
S9VY063167	SUCCESSFUL
NASY024996	SERIAL_NUMBER_NOT_ELIGIBLE
X2EF009763	SUCCESSFUL
X2N5086332	SERIAL_NUMBER_NOT_ELIGIBLE
SF6Y057086	SUCCESSFUL
X2D2182307	ALREADY_USED
X2N5096815	SERIAL_NUMBER_NOT_ELIGIBLE
S9VY069077	SUCCESSFUL
R2MY047407	SERIAL_NUMBER_NOT_ELIGIBLE
W27P301910	ALREADY_USED
X2D2182266	ALREADY_USED
R2MY047410	SERIAL_NUMBER_NOT_ELIGIBLE
X2EF011050	ALREADY_USED
SF6Y062988	SUCCESSFUL
UMCY335654	ALREADY_USED
X2N5081140	SERIAL_NUMBER_NOT_ELIGIBLE
W5SY014447	SUCCESSFUL
X2D2182307	ALREADY_USED
X2EA037687	SUCCESSFUL
X2D2073952	ALREADY_USED
W5SY010642	ALREADY_USED
X2D2182304	SUCCESSFUL
S9VY071937	SUCCESSFUL
X2CJ051344	ALREADY_USED
W27P301910	ALREADY_USED
W59Y024283	SUCCESSFUL
W59Y024235	SUCCESSFUL
X2QC053279	SUCCESSFUL
UGSY018036	SUCCESSFUL
X2CJ051380	SUCCESSFUL
W5DY062910	SUCCESSFUL
W5SY015270	SUCCESSFUL
X2CK026125	SUCCESSFUL
X2MX045431	SUCCESSFUL
X2E5022358	SUCCESSFUL
X2E4022204	SUCCESSFUL
X2D2204416	ALREADY_USED
X2N5086336	SERIAL_NUMBER_NOT_ELIGIBLE
W5DY063917	ALREADY_USED
X2EA037713	SUCCESSFUL
X2D2261546	SUCCESSFUL
UGSY020376	ALREADY_USED
X2N5117873	SERIAL_NUMBER_NOT_ELIGIBLE
X2N5117968	SERIAL_NUMBER_NOT_ELIGIBLE
X2QC043959	SUCCESSFUL
X2MX049193	SUCCESSFUL
UGZY063921	SUCCESSFUL
UMCY364133	ALREADY_USED
X2D2261470	SUCCESSFUL
SEGY251223	SUCCESSFUL
SF6Y063065	SUCCESSFUL
UMCY364140	SUCCESSFUL
UTJK037115	SERIAL_NUMBER_NOT_ELIGIBLE
R2MY047812	SERIAL_NUMBER_NOT_ELIGIBLE
X2CJ051312	SUCCESSFUL
W59Y028581	SUCCESSFUL
SF6Y062986	SUCCESSFUL
X2D2206399	SUCCESSFUL
X2E4031466	SUCCESSFUL
X2N5086326	ALREADY_USED
R2MY048320	SERIAL_NUMBER_NOT_ELIGIBLE
W2MK608960	SUCCESSFUL
R2WY469635	SERIAL_NUMBER_NOT_ELIGIBLE
X2E4031501	SUCCESSFUL
UGSY020866	SUCCESSFUL
UGSY020869	ALREADY_USED
X2MX049202	ALREADY_USED
X2D2279865	ALREADY_USED
SEGY251287	ALREADY_USED
X2CJ085968	ALREADY_USED
X2E4031502	ALREADY_USED
X359072886	SUCCESSFUL
X2U2000697	PRINTER_MODEL_NOT_FOUND_IN_NEON
X2D2205381	SUCCESSFUL
X3YB001274	SUCCESSFUL
W5SY016571	SUCCESSFUL
X2TH001020	ALREADY_USED
X3YB001273	SUCCESSFUL
X2QC053326	SUCCESSFUL
X2U2000948	PRINTER_MODEL_NOT_FOUND_IN_NEON
W5SY016574	SUCCESSFUL
X2CT087303	SUCCESSFUL
SEGY269766	SUCCESSFUL
X2D2073806	SUCCESSFUL
UGZY070118	SUCCESSFUL
UGSY020863	SUCCESSFUL
X2U2000791	ALREADY_USED
X3YB002350	ALREADY_USED
X2D2292739	ALREADY_USED
SEGY269734	ALREADY_USED
X2TU002731	SUCCESSFUL
UGSY021418	ALREADY_USED
W2CP158957	SUCCESSFUL
SEGY249729	SUCCESSFUL
X2QC053335	SUCCESSFUL
X2TH004587	SUCCESSFUL
X2U2001576	PRINTER_MODEL_NOT_FOUND_IN_NEON
X2TH005455	SUCCESSFUL
UGSY021463	SUCCESSFUL
X2CJ085968	ALREADY_USED
X2U2001561	PRINTER_MODEL_NOT_FOUND_IN_NEON
X2D2292728	SUCCESSFUL
X2EA061582	SUCCESSFUL
UGSY020891	ALREADY_USED
X2EA061576	SUCCESSFUL
R2WY489321	SERIAL_NUMBER_NOT_ELIGIBLE
X359202275	SUCCESSFUL
X3YB003243	SUCCESSFUL
X3YB003199	SUCCESSFUL
X359201387	SUCCESSFUL
X2N5123999	SERIAL_NUMBER_NOT_ELIGIBLE
X3YB002717	SUCCESSFUL
X2U2001610	PRINTER_MODEL_NOT_FOUND_IN_NEON
W5SY017980	SUCCESSFUL
R2WY499359	SERIAL_NUMBER_NOT_ELIGIBLE
X2D2328170	SUCCESSFUL
X2TU002726	SUCCESSFUL
R2LY017736	SERIAL_NUMBER_NOT_ELIGIBLE
X2U2001521	PRINTER_MODEL_NOT_FOUND_IN_NEON
X2MX055944	PRINTER_MODEL_NOT_FOUND_IN_NEON
X2TU002739	SUCCESSFUL
X3YB004087	SUCCESSFUL
X2U2001607	PRINTER_MODEL_NOT_FOUND_IN_NEON
X2EA061572	SUCCESSFUL
X3Y5000498	SUCCESSFUL
X3YB003085	SUCCESSFUL
X3YB004215	SUCCESSFUL
X2MX013000	ALREADY_USED
X2CJ087833	ALREADY_USED
X2EA061543	SUCCESSFUL
W59Y028445	SUCCESSFUL
X2QC043975	SUCCESSFUL
X2MX012995	ALREADY_USED
X2QC053304	ALREADY_USED
X2D2328303	SUCCESSFUL
X2TU002425	SUCCESSFUL
X2TU002428	SUCCESSFUL
X2CK088453	SUCCESSFUL
UTJK048211	SERIAL_NUMBER_NOT_ELIGIBLE
UGSY021416	SUCCESSFUL
SEGY269815	SUCCESSFUL
X2EA042781	ALREADY_USED
X2CJ087837	SUCCESSFUL
X2U2002956	PRINTER_MODEL_NOT_FOUND_IN_NEON
X2D2319941	SUCCESSFUL
X2D2351958	SUCCESSFUL
SEGY249750	SUCCESSFUL
X2TH020007	SUCCESSFUL
X3Y5000543	ALREADY_USED
X2U2002958	PRINTER_MODEL_NOT_FOUND_IN_NEON
UTJK051270	SERIAL_NUMBER_NOT_ELIGIBLE
X2D2318364	ALREADY_USED
X2CJ087833	ALREADY_USED
X359227146	SUCCESSFUL
X359257543	SUCCESSFUL
X2D2379373	SUCCESSFUL
X2MX012893	SUCCESSFUL
SA9Y024345	SUCCESSFUL
W5SY017983	SUCCESSFUL
X2MX069572	ALREADY_USED
X2EF015979	ALREADY_USED
S9VY083149	SUCCESSFUL
X3Y5028315	SUCCESSFUL
X3Y5028314	SUCCESSFUL
X3Y5000501	SUCCESSFUL
SF6Y066771	SUCCESSFUL
X359253505	SUCCESSFUL
X359254417	SUCCESSFUL
X2N5168810	SERIAL_NUMBER_NOT_ELIGIBLE
X2E5026168	SUCCESSFUL
R2WY489319	SERIAL_NUMBER_NOT_ELIGIBLE
X2TU002302	SUCCESSFUL
W5SY018402	ALREADY_USED
X3YB004249	SUCCESSFUL
W59Y032795	SUCCESSFUL
UGZY074589	SUCCESSFUL
W59Y032842	SUCCESSFUL
UMCY240565	SUCCESSFUL
SA9Y025249	SUCCESSFUL
X2E4049846	SUCCESSFUL
X359254385	SUCCESSFUL
X2D2319953	SUCCESSFUL
X2EA061585	SUCCESSFUL
W5SY019531	SUCCESSFUL
X2CJ051368	SUCCESSFUL
X2N5170518	SERIAL_NUMBER_NOT_ELIGIBLE
UGSY023490	SUCCESSFUL
X359281097	SUCCESSFUL
W5LY139420	SUCCESSFUL
W59Y021022	SUCCESSFUL
NASY203685	SERIAL_NUMBER_NOT_ELIGIBLE
S9VY071940	SUCCESSFUL
X2QC043954	ALREADY_USED
W59Y024280	SUCCESSFUL
X2EA009232	SUCCESSFUL
UTJK043606	SERIAL_NUMBER_NOT_ELIGIBLE
X2TU000409	ALREADY_USED
X2U2000946	PRINTER_MODEL_NOT_FOUND_IN_NEON
X2MX055949	SUCCESSFUL
X2U2001545	PRINTER_MODEL_NOT_FOUND_IN_NEON
X2QC043962	SUCCESSFUL
X2U2001608	PRINTER_MODEL_NOT_FOUND_IN_NEON
X2U2001520	ALREADY_USED
S9VY079282	SUCCESSFUL
X2U2002995	PRINTER_MODEL_NOT_FOUND_IN_NEON
X2QC114147	SUCCESSFUL
X2U2002994	PRINTER_MODEL_NOT_FOUND_IN_NEON
X2QC129307	SUCCESSFUL
X2EF008349	SUCCESSFUL
X2EF008501	ALREADY_USED
X2D2157243	ALREADY_USED
X2CK026135	ALREADY_USED
X2EF008326	ALREADY_USED
X2N5089376	SERIAL_NUMBER_NOT_ELIGIBLE
UUDY011215	PRINTER_MODEL_NOT_FOUND_IN_NEON
UGSY017041	SUCCESSFUL
UMCY306667	SUCCESSFUL
W5SY013643	SUCCESSFUL
UUDY011288	ALREADY_USED
X2D2157138	SUCCESSFUL
S9VY068028	ALREADY_USED
X2CT082597	SUCCESSFUL
X2N5086325	SERIAL_NUMBER_NOT_ELIGIBLE
X2N5086342	SERIAL_NUMBER_NOT_ELIGIBLE
W59Y022406	SUCCESSFUL
X2CT058035	ALREADY_USED
X2CT071385	SUCCESSFUL
X2E5021046	SUCCESSFUL
X2E4008446	ALREADY_USED
WKGY002478	SERIAL_NUMBER_NOT_ELIGIBLE
SA9Y021236	SUCCESSFUL
X2E4018667	SUCCESSFUL
SD7Y008514	SUCCESSFUL
X2EF011026	SUCCESSFUL
X2CJ051373	SUCCESSFUL
X2E5022326	ALREADY_USED
X2MX045432	PRINTER_MODEL_NOT_FOUND_IN_NEON
X2MX045430	ALREADY_USED
X2E4022177	ALREADY_USED
X2MX049201	SUCCESSFUL
X2E4022202	SUCCESSFUL
SA9Y021234	SUCCESSFUL
UK English	INCORRECT_FORMAT
NASY204064	SERIAL_NUMBER_NOT_ELIGIBLE
S9VY075068	ALREADY_USED
X2CK085292	SUCCESSFUL
X2CT086875	SUCCESSFUL
W5DY063362	ALREADY_USED
X2CJ051218	SUCCESSFUL
X2EF013677	SUCCESSFUL
X2TH001018	SUCCESSFUL
S9VY079326	SUCCESSFUL
UGSY020865	SUCCESSFUL
X2TU000405	SUCCESSFUL
S9VY079324	SUCCESSFUL
W5SY016576	SUCCESSFUL
X3YB003252	ALREADY_USED
X2CK026123	SUCCESSFUL
S9VY079810	SUCCESSFUL
SF6Y065978	SUCCESSFUL
X2U2001524	ALREADY_USED
X2U2001523	ALREADY_USED
UTJK043605	ALREADY_USED
X3Y5000502	SUCCESSFUL
X2TU002732	SUCCESSFUL
X2CK026096	SUCCESSFUL
SD2Y026244	SUCCESSFUL
UGSY021444	SUCCESSFUL
NASY203709	SERIAL_NUMBER_NOT_ELIGIBLE
X2EF011954	SUCCESSFUL
W5SY017977	SUCCESSFUL
X2CJ087834	SUCCESSFUL
X2D2328166	SUCCESSFUL
X2EF015258	SUCCESSFUL
S9VY082612	SUCCESSFUL
S9VY082610	SUCCESSFUL
X2D2328273	SUCCESSFUL
R2WY499362	SERIAL_NUMBER_NOT_ELIGIBLE
UUCY002531	PRINTER_MODEL_NOT_FOUND_IN_NEON
S9JY118024	SUCCESSFUL
X359207637	SUCCESSFUL
UGSY022150	SUCCESSFUL
W5SY016496	SUCCESSFUL
X3Y5000416	SUCCESSFUL
R2WY499360	SERIAL_NUMBER_NOT_ELIGIBLE
SD2Y033304	SUCCESSFUL
R2WY520020	SERIAL_NUMBER_NOT_ELIGIBLE
SD2Y033286	SUCCESSFUL
X2D2394192	SUCCESSFUL
X2U2002998	PRINTER_MODEL_NOT_FOUND_IN_NEON
X2D2318824	ALREADY_USED
S9VY086579	SUCCESSFUL
NASY203198	SERIAL_NUMBER_NOT_ELIGIBLE
S9JY098741	SUCCESSFUL
X2QC043983	ALREADY_USED
W2MK576497	SUCCESSFUL
SEGY246724	SUCCESSFUL
R2WY446731	SERIAL_NUMBER_NOT_ELIGIBLE
SD2Y035431	SUCCESSFUL
X2D2157206	SUCCESSFUL
UGZY064348	SUCCESSFUL
X2D2157239	SUCCESSFUL
S9VY069068	SUCCESSFUL
W27P319137	ALREADY_USED
X359013128	SUCCESSFUL
X2EF008328	SUCCESSFUL
W27P301912	ALREADY_USED
X2EF003425	SUCCESSFUL
X2CJ002370	SUCCESSFUL
X2CK026127	SUCCESSFUL
X2EF008356	SUCCESSFUL
X2MX012994	SUCCESSFUL
W5DY037307	SUCCESSFUL
SD2Y031764	SUCCESSFUL
W5SY013623	SUCCESSFUL
W5DY037311	SUCCESSFUL
X359072841	SUCCESSFUL
S9JY095389	ALREADY_USED
X359013165	SUCCESSFUL
W5DY037332	SUCCESSFUL
X2EF008327	SUCCESSFUL
X2E4008418	SUCCESSFUL
UMCY306659	SUCCESSFUL
UGZY064723	SUCCESSFUL
X2CT082600	SUCCESSFUL
X2EF009710	SUCCESSFUL
X2MX012997	SUCCESSFUL
W59Y022462	SUCCESSFUL
X2EF009745	SUCCESSFUL
UUDY012641	PRINTER_MODEL_NOT_FOUND_IN_NEON
UGZY064727	SUCCESSFUL
W5EY002436	SUCCESSFUL
W5DY062914	SUCCESSFUL
X2E4018694	SUCCESSFUL
W5EY002441	SUCCESSFUL
S9VY068045	SUCCESSFUL
UGZY064721	ALREADY_USED
S9JY098712	SUCCESSFUL
X2MX013001	ALREADY_USED
UMCY335633	ALREADY_USED
X2E5021156	SUCCESSFUL
W5DY062966	ALREADY_USED
R2WY446729	SERIAL_NUMBER_NOT_ELIGIBLE
X2MX039190	SUCCESSFUL
SD2Y035446	ALREADY_USED
UGSY019377	SUCCESSFUL
X2CK026099	SUCCESSFUL
X2E5022324	SUCCESSFUL
X2EF011051	ALREADY_USED
W27P301919	ALREADY_USED
W27P301911	ALREADY_USED
S9JY098045	SUCCESSFUL
W2MK576497	SUCCESSFUL
X2EF011024	SUCCESSFUL
X2QC036845	SUCCESSFUL
X2EF011021	SUCCESSFUL
UGZY063960	SUCCESSFUL
NASY203708	SERIAL_NUMBER_NOT_ELIGIBLE
UGZY063963	SUCCESSFUL
X359072882	SUCCESSFUL
X2EF011044	SUCCESSFUL
W2MK534513	SUCCESSFUL
NASY203684	SERIAL_NUMBER_NOT_ELIGIBLE
S9VY071915	SUCCESSFUL
SD2Y035446	ALREADY_USED
X2CT058053	SUCCESSFUL
W2MK576498	SUCCESSFUL
X2E4018697	SUCCESSFUL
X2QC043978	SUCCESSFUL
X2N5081154	SERIAL_NUMBER_NOT_ELIGIBLE
S9VY069076	SUCCESSFUL
W59Y022433	SUCCESSFUL
X2QC053322	SUCCESSFUL
W5SY010625	SUCCESSFUL
X2E4018691	SUCCESSFUL
W2MK329571	SUCCESSFUL
UGSY019203	SUCCESSFUL
X2D2205643	SUCCESSFUL
X2EA037689	SUCCESSFUL
W5DY062913	SUCCESSFUL
SD7Y010454	SUCCESSFUL
UUDY012523	PRINTER_MODEL_NOT_FOUND_IN_NEON
X2D2205828	SUCCESSFUL
S9JY101452	SUCCESSFUL
SD7Y010455	SUCCESSFUL
X359013110	SUCCESSFUL
X2E4022323	SUCCESSFUL
X2CK084208	SUCCESSFUL
X2CK084132	SUCCESSFUL
X2E4022296	SUCCESSFUL
X359072847	SUCCESSFUL
UGZY063915	SUCCESSFUL
X2N5117934	SERIAL_NUMBER_NOT_ELIGIBLE
X2CK084211	SUCCESSFUL
X2E5027341	SUCCESSFUL
X359072890	SUCCESSFUL
S9VY075029	SUCCESSFUL
X2CK084206	SUCCESSFUL
UGSY019345	SUCCESSFUL
R2WY469637	SERIAL_NUMBER_NOT_ELIGIBLE
W2MK329571	SUCCESSFUL
X2D2261551	SUCCESSFUL
UTJK043603	SERIAL_NUMBER_NOT_ELIGIBLE
X2CJ071363	SUCCESSFUL
X2CJ071342	SUCCESSFUL
UMCY364147	SUCCESSFUL
S9JY101428	SUCCESSFUL
SD2Y035459	SUCCESSFUL
X2E4031469	SUCCESSFUL
S9VY072603	SUCCESSFUL
W9CY020120	SERIAL_NUMBER_NOT_ELIGIBLE
X2U2000838	PRINTER_MODEL_NOT_FOUND_IN_NEON
W2CP152549	SUCCESSFUL
SA9Y023385	SUCCESSFUL
X2TH000587	SUCCESSFUL
X2TH000305	PRINTER_MODEL_NOT_FOUND_IN_NEON
W2MK576498	SUCCESSFUL
X2EF013678	SUCCESSFUL
X2D2279866	SUCCESSFUL
X2E5026652	SUCCESSFUL
X2CJ085977	SUCCESSFUL
X2TH000591	SUCCESSFUL
NASY204932	SERIAL_NUMBER_NOT_ELIGIBLE
SA9Y023689	ALREADY_USED
X2D2073997	SUCCESSFUL
UGZY063965	ALREADY_USED
X2TU000485	SUCCESSFUL
X2TU000406	SUCCESSFUL
X2E5026653	SUCCESSFUL
X2E5027342	SUCCESSFUL
UMCY383085	SUCCESSFUL
W5SY016575	SUCCESSFUL
S9VY072603	SUCCESSFUL
S9VY079327	SUCCESSFUL
X2TH000595	SUCCESSFUL
X2D2292736	SUCCESSFUL
UUDY013294	PRINTER_MODEL_NOT_FOUND_IN_NEON
X2E4033459	SUCCESSFUL
X2CK085302	SUCCESSFUL
X2D2292741	SUCCESSFUL
X2EF013679	SUCCESSFUL
X359114506	SUCCESSFUL
X2CK085296	SUCCESSFUL
X2E5026194	SUCCESSFUL
X2EF013760	SUCCESSFUL
W5SY016573	SUCCESSFUL
UUDY013328	PRINTER_MODEL_NOT_FOUND_IN_NEON
X359114472	SUCCESSFUL
X2CT086191	SUCCESSFUL
X2EA034240	SUCCESSFUL
W5DY063918	ALREADY_USED
X2TU002742	SUCCESSFUL
X2EA003256	SUCCESSFUL
X359114523	SUCCESSFUL
X2D2292740	SUCCESSFUL
S9VY079628	SUCCESSFUL
X2CT087302	SUCCESSFUL
X2MX055934	ALREADY_USED
NASY204240	SERIAL_NUMBER_NOT_ELIGIBLE
W5SY017974	SUCCESSFUL
R2LY017726	SERIAL_NUMBER_NOT_ELIGIBLE
X2CT086207	SUCCESSFUL
X2D2292729	SUCCESSFUL
X2D2292735	SUCCESSFUL
W5SY017984	SUCCESSFUL
X3YB002713	SUCCESSFUL
NASY204744	SERIAL_NUMBER_NOT_ELIGIBLE
X2EF011958	SUCCESSFUL
NASY204890	SERIAL_NUMBER_NOT_ELIGIBLE
X2QC053335	SUCCESSFUL
X359202278	SUCCESSFUL
UUDY013361	PRINTER_MODEL_NOT_FOUND_IN_NEON
X2EF015256	SUCCESSFUL
X2TH009566	PRINTER_MODEL_NOT_FOUND_IN_NEON
X2E5026198	SUCCESSFUL
X2QC043985	SUCCESSFUL
X2N5089423	SERIAL_NUMBER_NOT_ELIGIBLE
X2TH009571	SUCCESSFUL
NASY205733	SERIAL_NUMBER_NOT_ELIGIBLE
X2CT119044	SUCCESSFUL
W5BY014591	SUCCESSFUL
W5DY060716	SUCCESSFUL
X2CT086203	SUCCESSFUL
W5SY017686	SUCCESSFUL
S9VY079281	SUCCESSFUL
UMCY383088	SUCCESSFUL
W59Y023374	SUCCESSFUL
X2E5026197	SUCCESSFUL
S9VY082611	SUCCESSFUL
X2TH014277	PRINTER_MODEL_NOT_FOUND_IN_NEON
SA9Y024337	SUCCESSFUL
X2U2002829	PRINTER_MODEL_NOT_FOUND_IN_NEON
X2CT126893	SUCCESSFUL
X2U2002951	PRINTER_MODEL_NOT_FOUND_IN_NEON
UUCY002352	PRINTER_MODEL_NOT_FOUND_IN_NEON
UGZY070115	SUCCESSFUL
X359207636	SUCCESSFUL
X2QC043957	SUCCESSFUL
X2TU002363	SUCCESSFUL
S9VY084345	SUCCESSFUL
X2QC112856	SUCCESSFUL
X2QC112855	SUCCESSFUL
NASY205734	SERIAL_NUMBER_NOT_ELIGIBLE
X2N5086335	SERIAL_NUMBER_NOT_ELIGIBLE
X2N5090001	SERIAL_NUMBER_NOT_ELIGIBLE
UGZY069126	SUCCESSFUL
X2D2351964	SUCCESSFUL
SEGY269816	SUCCESSFUL
X2EF015898	SUCCESSFUL
X2D2352054	SUCCESSFUL
X2QC114204	SUCCESSFUL
X2N5163661	SERIAL_NUMBER_NOT_ELIGIBLE
X2CK088486	SUCCESSFUL
X2QC114145	SUCCESSFUL
X359226809	SUCCESSFUL
X2CK088481	SUCCESSFUL
S9VY083476	SUCCESSFUL
X2E4038570	ALREADY_USED
X359227343	SUCCESSFUL
UGSY022591	ALREADY_USED
X2CK088476	SUCCESSFUL
X3YB004242	SUCCESSFUL
X2EA029400	SUCCESSFUL
X2CT086949	SUCCESSFUL
UTJK050888	SERIAL_NUMBER_NOT_ELIGIBLE
X2D2351891	SUCCESSFUL
X2CK088486	SUCCESSFUL
X2CK126063	SUCCESSFUL
UGZY074554	SUCCESSFUL
X2D2351964	SUCCESSFUL
X2D2379365	SUCCESSFUL
X2TH019894	SUCCESSFUL
X2QC112848	SUCCESSFUL
X2CT126899	SUCCESSFUL
S9VY087036	SUCCESSFUL
NASY205797	SERIAL_NUMBER_NOT_ELIGIBLE
X2EF013130	SUCCESSFUL
UMCY430522	SUCCESSFUL
UGZY074594	SUCCESSFUL
X2EA061582	SUCCESSFUL
X2E5005963	ALREADY_USED
X2CK027502	SUCCESSFUL
X2EA081121	ALREADY_USED
X2EA081091	SUCCESSFUL
X2D2394163	SUCCESSFUL
X2CJ051370	SUCCESSFUL
X2EF015246	SUCCESSFUL
X2U2002737	PRINTER_MODEL_NOT_FOUND_IN_NEON
W5SY014631	ALREADY_USED
X2QC129304	SUCCESSFUL
X2TH009251	ALREADY_USED
SF6Y063065	SUCCESSFUL
SNHY000210	SUCCESSFUL
X2MW000417	SUCCESSFUL
SA8Y005006	SUCCESSFUL
SNHY000194	SUCCESSFUL
QKGY014040	SERIAL_NUMBER_NOT_ELIGIBLE
UGYY028914	SUCCESSFUL
X2E2004826	SUCCESSFUL
SD2Y029795	SUCCESSFUL
SD2Y029796	SUCCESSFUL
UTJK033149	ALREADY_USED
SEGY243027	PRINTER_MODEL_NOT_FOUND_IN_NEON
